2023-02-25 17:46:57,025 [INFO] Activator:177 - 


2023-02-25 17:46:57,030 [INFO] Activator:178 - !SESSION log4j initialized
2023-02-25 17:47:00,222 [INFO] McuFinderGlobals:44 - Set McuFinder mode to 2 (CubeIDE integrated)
2023-02-25 17:47:01,713 [INFO] ApplicationProperties:181 - Using Application install path: C:\ST\STM32CubeIDE_1.4.0\STM32CubeIDE\plugins\com.st.stm32cube.common.mx_6.6.1.202207061420
2023-02-25 17:47:01,743 [INFO] DbMcusXml:77 - Set database path to: C:\ST\STM32CubeIDE_1.4.0\STM32CubeIDE\plugins\com.st.stm32cube.common.mx_6.6.1.202207061420\\db\/mcu/
2023-02-25 17:47:01,743 [INFO] ApiDb:269 - Set plugin database path to: C:\ST\STM32CubeIDE_1.4.0\STM32CubeIDE\plugins\com.st.stm32cube.common.mx_6.6.1.202207061420\\db\/plugins/boardmanager/
2023-02-25 17:47:01,748 [WARN] ApiDb:254 - Overriding images path with different value:  => C:\ST\STM32CubeIDE_1.4.0\STM32CubeIDE\plugins\com.st.stm32cube.common.mx_6.6.1.202207061420\\db\/plugins/mcufinder/images/
2023-02-25 17:47:01,768 [INFO] ApiDb:249 - Set database path to: C:\Users\Abdel\.stmcufinder\plugins\mcufinder//mcu/
2023-02-25 17:47:01,768 [INFO] DbMcusAds:124 - Set database path to: C:\Users\Abdel\.stmcufinder\plugins\mcufinder//mcu/
2023-02-25 17:47:01,773 [INFO] CrossReferenceDbSqlite:201 - Set database path to: C:\Users\Abdel\.stmcufinder\plugins\mcufinder//mcu/cs/
2023-02-25 17:47:01,888 [INFO] RulesReader:61 - Compatibility file has been processed (282 Rules)
2023-02-25 17:47:02,055 [INFO] DbMcusXml:77 - Set database path to: C:\ST\STM32CubeIDE_1.4.0\STM32CubeIDE\plugins\com.st.stm32cube.common.mx_6.6.1.202207061420\\db\/mcu/
2023-02-25 17:47:02,055 [INFO] ApiDb:269 - Set plugin database path to: C:\ST\STM32CubeIDE_1.4.0\STM32CubeIDE\plugins\com.st.stm32cube.common.mx_6.6.1.202207061420\\db\/plugins/boardmanager/
2023-02-25 17:47:02,055 [INFO] ApiDb:256 - Set plugin images path to: C:\ST\STM32CubeIDE_1.4.0\STM32CubeIDE\plugins\com.st.stm32cube.common.mx_6.6.1.202207061420\\db\/plugins/mcufinder/images/
2023-02-25 17:47:02,055 [WARN] DbFile:40 - Overriding database path with different value: C:\Users\Abdel\.stmcufinder\plugins\mcufinder/ => C:\Users\Abdel\.stmcufinder\plugins\mcufinder
2023-02-25 17:47:02,060 [INFO] ApiDb:249 - Set database path to: C:\Users\Abdel\.stmcufinder\plugins\mcufinder//mcu/
2023-02-25 17:47:02,060 [WARN] DbFile:40 - Overriding database path with different value: C:\Users\Abdel\.stmcufinder\plugins\mcufinder/ => C:\Users\Abdel\.stmcufinder\plugins\mcufinder
2023-02-25 17:47:02,060 [INFO] DbMcusAds:124 - Set database path to: C:\Users\Abdel\.stmcufinder\plugins\mcufinder//mcu/
2023-02-25 17:47:02,060 [WARN] DbFile:40 - Overriding database path with different value: C:\Users\Abdel\.stmcufinder\plugins\mcufinder/ => C:\Users\Abdel\.stmcufinder\plugins\mcufinder
2023-02-25 17:47:02,060 [WARN] DbFile:40 - Overriding database path with different value: C:\Users\Abdel\.stmcufinder\plugins\mcufinder/ => C:\Users\Abdel\.stmcufinder\plugins\mcufinder
2023-02-25 17:47:02,060 [INFO] CrossReferenceDbSqlite:201 - Set database path to: C:\Users\Abdel\.stmcufinder\plugins\mcufinder//mcu/cs/
2023-02-25 17:47:02,150 [INFO] MainPanel:242 - HeapMemory: 268435456
2023-02-25 17:47:02,265 [INFO] DbMcusXml:77 - Set database path to: C:\ST\STM32CubeIDE_1.4.0\STM32CubeIDE\plugins\com.st.stm32cube.common.mx_6.6.1.202207061420\\db\/mcu/
2023-02-25 17:47:02,265 [INFO] ApiDb:269 - Set plugin database path to: C:\ST\STM32CubeIDE_1.4.0\STM32CubeIDE\plugins\com.st.stm32cube.common.mx_6.6.1.202207061420\\db\/plugins/boardmanager/
2023-02-25 17:47:02,265 [INFO] ApiDb:256 - Set plugin images path to: C:\ST\STM32CubeIDE_1.4.0\STM32CubeIDE\plugins\com.st.stm32cube.common.mx_6.6.1.202207061420\\db\/plugins/mcufinder/images/
2023-02-25 17:47:02,265 [WARN] DbFile:40 - Overriding database path with different value: C:\Users\Abdel\.stmcufinder\plugins\mcufinder/ => C:\Users\Abdel\.stmcufinder\plugins\mcufinder
2023-02-25 17:47:02,265 [INFO] ApiDb:249 - Set database path to: C:\Users\Abdel\.stmcufinder\plugins\mcufinder//mcu/
2023-02-25 17:47:02,265 [WARN] DbFile:40 - Overriding database path with different value: C:\Users\Abdel\.stmcufinder\plugins\mcufinder/ => C:\Users\Abdel\.stmcufinder\plugins\mcufinder
2023-02-25 17:47:02,265 [INFO] DbMcusAds:124 - Set database path to: C:\Users\Abdel\.stmcufinder\plugins\mcufinder//mcu/
2023-02-25 17:47:02,265 [WARN] DbFile:40 - Overriding database path with different value: C:\Users\Abdel\.stmcufinder\plugins\mcufinder/ => C:\Users\Abdel\.stmcufinder\plugins\mcufinder
2023-02-25 17:47:02,265 [WARN] DbFile:40 - Overriding database path with different value: C:\Users\Abdel\.stmcufinder\plugins\mcufinder/ => C:\Users\Abdel\.stmcufinder\plugins\mcufinder
2023-02-25 17:47:02,265 [INFO] CrossReferenceDbSqlite:201 - Set database path to: C:\Users\Abdel\.stmcufinder\plugins\mcufinder//mcu/cs/
2023-02-25 17:47:02,290 [INFO] ApplicationProperties:181 - Using Application install path: C:\ST\STM32CubeIDE_1.4.0\STM32CubeIDE\plugins\com.st.stm32cube.common.mx_6.6.1.202207061420
2023-02-25 17:47:02,290 [INFO] PluginManage:193 - Search for loadable plugins [exclusion list=, ]
2023-02-25 17:47:02,295 [INFO] PluginManage:307 - Check plugin analytics
2023-02-25 17:47:12,258 [INFO] AnalyticsPlugin:262 - Accepted Software Licenses: 
2023-02-25 17:47:12,263 [INFO] AnalyticsPlugin:264 - Accepted CMSIS Pack Licenses: 
2023-02-25 17:47:12,263 [INFO] AnalyticsPlugin:266 - Accepted Firmware Licenses: 
2023-02-25 17:47:12,293 [INFO] PluginManage:356 - Loaded plugin analytics (category:tool,tabindex:-1)
2023-02-25 17:47:12,293 [INFO] PluginManage:307 - Check plugin cadmodel
2023-02-25 17:47:12,308 [INFO] CADModel:65 - Init CAD model plugin
2023-02-25 17:47:12,308 [INFO] PluginManage:356 - Loaded plugin cadmodel (category:power,tabindex:5)
2023-02-25 17:47:12,308 [INFO] PluginManage:307 - Check plugin clock
2023-02-25 17:47:12,353 [INFO] PluginManage:356 - Loaded plugin clock (category:base,tabindex:2)
2023-02-25 17:47:12,353 [INFO] PluginManage:307 - Check plugin ddr
2023-02-25 17:47:12,363 [INFO] PluginManage:356 - Loaded plugin ddr (category:tool,tabindex:6)
2023-02-25 17:47:12,363 [INFO] PluginManage:307 - Check plugin filemanager
2023-02-25 17:47:12,696 [INFO] PluginManage:356 - Loaded plugin filemanager (category:base,tabindex:10)
2023-02-25 17:47:12,696 [INFO] PluginManage:307 - Check plugin ipmanager
2023-02-25 17:47:12,721 [INFO] PluginManage:356 - Loaded plugin ipmanager (category:base,tabindex:5)
2023-02-25 17:47:12,721 [INFO] PluginManage:307 - Check plugin lpbam
2023-02-25 17:47:12,736 [INFO] PluginManage:356 - Loaded plugin lpbam (category:base,tabindex:0)
2023-02-25 17:47:12,736 [INFO] PluginManage:307 - Check plugin pinoutandconfiguration
2023-02-25 17:47:12,751 [INFO] PluginManage:356 - Loaded plugin pinoutandconfiguration (category:base,tabindex:1)
2023-02-25 17:47:12,751 [INFO] PluginManage:307 - Check plugin pinoutconfig
2023-02-25 17:47:12,836 [INFO] PluginManage:356 - Loaded plugin pinoutconfig (category:base,tabindex:0)
2023-02-25 17:47:12,836 [INFO] PluginManage:307 - Check plugin power
2023-02-25 17:47:12,861 [INFO] PluginManage:356 - Loaded plugin power (category:power,tabindex:4)
2023-02-25 17:47:12,861 [INFO] PluginManage:307 - Check plugin projectmanager
2023-02-25 17:47:12,956 [INFO] PluginManage:356 - Loaded plugin projectmanager (category:projectmanager,tabindex:3)
2023-02-25 17:47:12,961 [INFO] PluginManage:307 - Check plugin thirdparty
2023-02-25 17:47:13,316 [WARN] IntegrityCheckThread:82 - waiting for thirdparty lock release [integrity check]
2023-02-25 17:47:13,316 [INFO] PluginManage:356 - Loaded plugin thirdparty (category:base,tabindex:-1)
2023-02-25 17:47:13,316 [INFO] IntegrityCheckThread:84 - entering critical section [integrity check]
2023-02-25 17:47:13,316 [INFO] PluginManage:307 - Check plugin tools
2023-02-25 17:47:13,321 [INFO] ThirdPartyUpdaterWithRetryManager:70 - Updater plugin not ready yet. [1/15]
2023-02-25 17:47:13,326 [INFO] PluginManage:356 - Loaded plugin tools (category:base,tabindex:7)
2023-02-25 17:47:13,326 [INFO] PluginManage:307 - Check plugin tutovideos
2023-02-25 17:47:13,726 [INFO] PluginManage:356 - Loaded plugin tutovideos (category:base,tabindex:-1)
2023-02-25 17:47:13,726 [INFO] PluginManage:307 - Check plugin updater
2023-02-25 17:47:13,751 [INFO] PluginManage:356 - Loaded plugin updater (category:base,tabindex:12)
2023-02-25 17:47:13,751 [INFO] PluginManage:280 - PluginManage : Loaded plugins [15]
2023-02-25 17:47:14,291 [INFO] PinOutPanel:1468 - setPackage(No Configuration,No Configuration)
2023-02-25 17:47:14,426 [INFO] CADModel:98 - CPN selected for project level
2023-02-25 17:47:14,446 [INFO] IPUIPlugin:79 - create IPUIPlugin
2023-02-25 17:47:14,451 [INFO] PluginManager:217 - loadIPPluginJar : add adc
2023-02-25 17:47:14,451 [INFO] IPUIPlugin:79 - create IPUIPlugin
2023-02-25 17:47:14,451 [INFO] PluginManager:217 - loadIPPluginJar : add aes
2023-02-25 17:47:14,456 [INFO] IPUIPlugin:79 - create IPUIPlugin
2023-02-25 17:47:14,456 [INFO] PluginManager:217 - loadIPPluginJar : add can
2023-02-25 17:47:14,461 [INFO] IPUIPlugin:79 - create IPUIPlugin
2023-02-25 17:47:14,461 [INFO] PluginManager:217 - loadIPPluginJar : add comp
2023-02-25 17:47:14,471 [INFO] IPUIPlugin:79 - create IPUIPlugin
2023-02-25 17:47:14,471 [INFO] PluginManager:217 - loadIPPluginJar : add cryp
2023-02-25 17:47:14,476 [INFO] IPUIPlugin:79 - create IPUIPlugin
2023-02-25 17:47:14,476 [INFO] PluginManager:217 - loadIPPluginJar : add dfsdm
2023-02-25 17:47:14,486 [INFO] IPUIPlugin:79 - create IPUIPlugin
2023-02-25 17:47:14,492 [INFO] PluginManager:217 - loadIPPluginJar : add dma
2023-02-25 17:47:14,496 [INFO] IPUIPlugin:79 - create IPUIPlugin
2023-02-25 17:47:14,496 [INFO] PluginManager:217 - loadIPPluginJar : add dma3
2023-02-25 17:47:14,496 [INFO] IPUIPlugin:79 - create IPUIPlugin
2023-02-25 17:47:14,501 [INFO] PluginManager:217 - loadIPPluginJar : add fatfs
2023-02-25 17:47:14,511 [INFO] IPUIPlugin:79 - create IPUIPlugin
2023-02-25 17:47:14,511 [INFO] PluginManager:217 - loadIPPluginJar : add fmc
2023-02-25 17:47:14,522 [INFO] IPUIPlugin:79 - create IPUIPlugin
2023-02-25 17:47:14,522 [INFO] PluginManager:217 - loadIPPluginJar : add freertos
2023-02-25 17:47:14,527 [INFO] IPUIPlugin:79 - create IPUIPlugin
2023-02-25 17:47:14,527 [INFO] PluginManager:217 - loadIPPluginJar : add genericplugin
2023-02-25 17:47:14,532 [INFO] IPUIPlugin:79 - create IPUIPlugin
2023-02-25 17:47:14,532 [INFO] PluginManager:217 - loadIPPluginJar : add gfxmmu
2023-02-25 17:47:14,542 [INFO] IPUIPlugin:79 - create IPUIPlugin
2023-02-25 17:47:14,542 [INFO] PluginManager:217 - loadIPPluginJar : add gic
2023-02-25 17:47:14,552 [INFO] IPUIPlugin:79 - create IPUIPlugin
2023-02-25 17:47:14,552 [INFO] PluginManager:217 - loadIPPluginJar : add gpio
2023-02-25 17:47:14,557 [INFO] IPUIPlugin:79 - create IPUIPlugin
2023-02-25 17:47:14,557 [INFO] PluginManager:217 - loadIPPluginJar : add gtzc
2023-02-25 17:47:14,562 [INFO] IPUIPlugin:79 - create IPUIPlugin
2023-02-25 17:47:14,567 [INFO] PluginManager:217 - loadIPPluginJar : add hash
2023-02-25 17:47:14,567 [INFO] IPUIPlugin:79 - create IPUIPlugin
2023-02-25 17:47:14,567 [INFO] PluginManager:217 - loadIPPluginJar : add i2c
2023-02-25 17:47:14,577 [INFO] IPUIPlugin:79 - create IPUIPlugin
2023-02-25 17:47:14,577 [INFO] PluginManager:217 - loadIPPluginJar : add i2s
2023-02-25 17:47:14,587 [INFO] IPUIPlugin:79 - create IPUIPlugin
2023-02-25 17:47:14,587 [INFO] PluginManager:217 - loadIPPluginJar : add ipddr
2023-02-25 17:47:14,602 [INFO] IPUIPlugin:79 - create IPUIPlugin
2023-02-25 17:47:14,602 [INFO] PluginManager:217 - loadIPPluginJar : add linkedlist
2023-02-25 17:47:14,612 [INFO] IPUIPlugin:79 - create IPUIPlugin
2023-02-25 17:47:14,612 [INFO] PluginManager:217 - loadIPPluginJar : add lorawan
2023-02-25 17:47:14,612 [INFO] IPUIPlugin:79 - create IPUIPlugin
2023-02-25 17:47:14,612 [INFO] PluginManager:217 - loadIPPluginJar : add ltdc
2023-02-25 17:47:14,622 [INFO] IPUIPlugin:79 - create IPUIPlugin
2023-02-25 17:47:14,622 [INFO] PluginManager:217 - loadIPPluginJar : add mdma
2023-02-25 17:47:14,627 [INFO] IPUIPlugin:79 - create IPUIPlugin
2023-02-25 17:47:14,627 [INFO] PluginManager:217 - loadIPPluginJar : add nvic
2023-02-25 17:47:14,632 [INFO] IPUIPlugin:79 - create IPUIPlugin
2023-02-25 17:47:14,632 [INFO] PluginManager:217 - loadIPPluginJar : add opamp
2023-02-25 17:47:14,647 [INFO] IPUIPlugin:79 - create IPUIPlugin
2023-02-25 17:47:14,647 [INFO] PluginManager:217 - loadIPPluginJar : add openamp
2023-02-25 17:47:14,657 [INFO] IPUIPlugin:79 - create IPUIPlugin
2023-02-25 17:47:14,657 [INFO] PluginManager:217 - loadIPPluginJar : add pdm2pcm
2023-02-25 17:47:14,672 [INFO] IPUIPlugin:79 - create IPUIPlugin
2023-02-25 17:47:14,677 [INFO] PluginManager:217 - loadIPPluginJar : add plateformsettings
2023-02-25 17:47:14,682 [INFO] IPUIPlugin:79 - create IPUIPlugin
2023-02-25 17:47:14,682 [INFO] PluginManager:217 - loadIPPluginJar : add quadspi
2023-02-25 17:47:14,693 [INFO] IPUIPlugin:79 - create IPUIPlugin
2023-02-25 17:47:14,693 [INFO] PluginManager:217 - loadIPPluginJar : add resmgrutility
2023-02-25 17:47:14,698 [INFO] IPUIPlugin:79 - create IPUIPlugin
2023-02-25 17:47:14,698 [INFO] PluginManager:217 - loadIPPluginJar : add sai
2023-02-25 17:47:14,698 [INFO] IPUIPlugin:79 - create IPUIPlugin
2023-02-25 17:47:14,698 [INFO] PluginManager:217 - loadIPPluginJar : add spi
2023-02-25 17:47:14,708 [INFO] IPUIPlugin:79 - create IPUIPlugin
2023-02-25 17:47:14,708 [INFO] PluginManager:217 - loadIPPluginJar : add stm32_wpan
2023-02-25 17:47:14,713 [INFO] IPUIPlugin:79 - create IPUIPlugin
2023-02-25 17:47:14,713 [INFO] PluginManager:217 - loadIPPluginJar : add tim
2023-02-25 17:47:14,718 [INFO] IPUIPlugin:79 - create IPUIPlugin
2023-02-25 17:47:14,718 [INFO] PluginManager:217 - loadIPPluginJar : add touchsensing
2023-02-25 17:47:14,718 [INFO] IPUIPlugin:79 - create IPUIPlugin
2023-02-25 17:47:14,723 [INFO] PluginManager:217 - loadIPPluginJar : add tracer_emb
2023-02-25 17:47:14,723 [INFO] IPUIPlugin:79 - create IPUIPlugin
2023-02-25 17:47:14,723 [INFO] PluginManager:217 - loadIPPluginJar : add ts
2023-02-25 17:47:14,728 [INFO] IPUIPlugin:79 - create IPUIPlugin
2023-02-25 17:47:14,728 [INFO] PluginManager:217 - loadIPPluginJar : add tsc
2023-02-25 17:47:14,728 [INFO] IPUIPlugin:79 - create IPUIPlugin
2023-02-25 17:47:14,728 [INFO] PluginManager:217 - loadIPPluginJar : add ucpd
2023-02-25 17:47:14,733 [INFO] IPUIPlugin:79 - create IPUIPlugin
2023-02-25 17:47:14,733 [INFO] PluginManager:217 - loadIPPluginJar : add usart
2023-02-25 17:47:14,738 [INFO] IPUIPlugin:79 - create IPUIPlugin
2023-02-25 17:47:14,738 [INFO] PluginManager:217 - loadIPPluginJar : add usbx
2023-02-25 17:47:15,250 [FATAL] Updater:301 - Updater called before beeing initialized
2023-02-25 17:47:15,485 [FATAL] Updater:301 - Updater called before beeing initialized
2023-02-25 17:47:15,500 [INFO] DbMcusAds:52 - JSON generation date=Tue Feb 21 16:58:20 EET 2023 (1676991500156)
2023-02-25 17:47:15,500 [FATAL] Updater:301 - Updater called before beeing initialized
2023-02-25 17:47:15,555 [WARN] DetailPanel:344 - Failed to get advertising image, set to default
2023-02-25 17:47:15,790 [FATAL] Updater:301 - Updater called before beeing initialized
2023-02-25 17:47:15,795 [FATAL] Updater:301 - Updater called before beeing initialized
2023-02-25 17:47:15,795 [FATAL] Updater:301 - Updater called before beeing initialized
2023-02-25 17:47:15,795 [WARN] DetailPanel:344 - Failed to get advertising image, set to default
2023-02-25 17:47:15,795 [FATAL] Updater:301 - Updater called before beeing initialized
2023-02-25 17:47:15,870 [ERROR] Updater:1105 - MainUpdater not yet initialized. External WinMGr cannot be set.
2023-02-25 17:47:15,870 [INFO] Updater:1041 - Updater Version found : 6.6.1
2023-02-25 17:47:15,890 [INFO] ApplicationProperties:181 - Using Application install path: C:\ST\STM32CubeIDE_1.4.0\STM32CubeIDE\plugins\com.st.stm32cube.common.mx_6.6.1.202207061420
2023-02-25 17:47:15,990 [INFO] MainUpdater:516 - Copy updater definitions from MX database
2023-02-25 17:47:16,311 [INFO] MainUpdater:2768 - connection check result : 10
2023-02-25 17:47:16,311 [INFO] MainUpdater:3453 - Updater definition file requires update
2023-02-25 17:47:16,316 [INFO] MainUpdater:280 - Updater Check For Update Now.
2023-02-25 17:47:16,316 [INFO] MicroXplorer:481 - Change Database Version : DB.6.0.60
2023-02-25 17:47:16,326 [INFO] ThirdPartyUpdaterWithRetryManager:70 - Updater plugin not ready yet. [2/15]
2023-02-25 17:47:16,376 [INFO] ServerAccessManage:474 - Download File updaters.zip
2023-02-25 17:47:16,849 [INFO] FileExtend:239 - Unzip File : updaters.zip
2023-02-25 17:47:16,854 [INFO] FileExtend:254 - Standard Zip Deflate
2023-02-25 17:47:18,474 [INFO] ServerAccessManage:474 - Download File PacksControlFlags.xml
2023-02-25 17:47:18,587 [INFO] ServerAccessManage:474 - Download File cubemx.pidx
2023-02-25 17:47:18,742 [INFO] LoadServerUpdatesThread:367 - End of LoadServerUpdate Thread
2023-02-25 17:47:18,963 [INFO] CheckServerUpdateThread:119 - End of CheckServer Thread
2023-02-25 17:47:19,052 [INFO] MainUpdater:2768 - connection check result : 10
2023-02-25 17:47:19,784 [WARN] PackLoader:242 - Cannot read IP mode file for STMicroelectronics.X-CUBE-GNSS1.6.0.0
2023-02-25 17:47:19,924 [WARN] PackLoader:242 - Cannot read IP mode file for STMicroelectronics.X-CUBE-MEMS1.9.2.0
2023-02-25 17:47:20,192 [WARN] PackLoader:242 - Cannot read IP mode file for STMicroelectronics.X-CUBE-AZRTOS-F7.1.1.0
2023-02-25 17:47:20,217 [WARN] PackLoader:242 - Cannot read IP mode file for STMicroelectronics.X-CUBE-AI.7.1.0
2023-02-25 17:47:20,232 [WARN] PackLoader:242 - Cannot read IP mode file for STMicroelectronics.X-CUBE-TOUCHGFX.4.19.1
2023-02-25 17:47:20,247 [WARN] PackLoader:242 - Cannot read IP mode file for STMicroelectronics.X-CUBE-BLE1.6.2.3
2023-02-25 17:47:20,262 [WARN] PackLoader:242 - Cannot read IP mode file for STMicroelectronics.X-CUBE-BLE1.6.2.4
2023-02-25 17:47:20,272 [WARN] PackLoader:242 - Cannot read IP mode file for STMicroelectronics.X-CUBE-BLE1.6.2.2
2023-02-25 17:47:20,287 [WARN] PackLoader:242 - Cannot read IP mode file for STMicroelectronics.X-CUBE-NFC4.2.0.4
2023-02-25 17:47:20,302 [WARN] PackLoader:242 - Cannot read IP mode file for STMicroelectronics.X-CUBE-BLE2.3.2.2
2023-02-25 17:47:20,312 [WARN] PackLoader:242 - Cannot read IP mode file for STMicroelectronics.X-CUBE-NFC4.2.0.3
2023-02-25 17:47:20,337 [WARN] PackLoader:242 - Cannot read IP mode file for STMicroelectronics.X-CUBE-TOF1.3.1.0
2023-02-25 17:47:20,368 [WARN] PackLoader:242 - Cannot read IP mode file for STMicroelectronics.X-CUBE-SFXS2LP1.3.1.0
2023-02-25 17:47:20,393 [WARN] PackLoader:242 - Cannot read IP mode file for STMicroelectronics.X-CUBE-DISPLAY.3.0.0
2023-02-25 17:47:20,458 [WARN] PackLoader:242 - Cannot read IP mode file for STMicroelectronics.X-CUBE-AZRTOS-F4.1.0.0
2023-02-25 17:47:20,478 [WARN] PackLoader:242 - Cannot read IP mode file for STMicroelectronics.X-CUBE-TOF1.2.0.0
2023-02-25 17:47:20,498 [WARN] PackLoader:242 - Cannot read IP mode file for STMicroelectronics.X-CUBE-NFC7.1.0.0
2023-02-25 17:47:20,528 [WARN] PackLoader:242 - Cannot read IP mode file for STMicroelectronics.X-CUBE-SUBG2.4.2.0
2023-02-25 17:47:20,558 [WARN] PackLoader:242 - Cannot read IP mode file for STMicroelectronics.X-CUBE-EEPRMA1.4.1.0
2023-02-25 17:47:20,573 [WARN] PackLoader:242 - Cannot read IP mode file for STMicroelectronics.X-CUBE-AI.7.2.0
2023-02-25 17:47:20,589 [WARN] PackLoader:242 - Cannot read IP mode file for STMicroelectronics.X-CUBE-ALGOBUILD.1.2.1
2023-02-25 17:47:20,629 [WARN] PackLoader:242 - Cannot read IP mode file for STMicroelectronics.X-CUBE-AZRTOS-G0.1.0.0
2023-02-25 17:47:20,654 [WARN] PackLoader:242 - Cannot read IP mode file for STMicroelectronics.X-CUBE-SFXS2LP1.4.0.0
2023-02-25 17:47:20,664 [WARN] PackLoader:242 - Cannot read IP mode file for STMicroelectronics.X-CUBE-BLE2.3.3.0
2023-02-25 17:47:20,679 [WARN] PackLoader:242 - Cannot read IP mode file for STMicroelectronics.X-CUBE-DISPLAY.2.2.0
2023-02-25 17:47:20,704 [WARN] PackLoader:242 - Cannot read IP mode file for STMicroelectronics.X-CUBE-TOF1.3.2.0
2023-02-25 17:47:20,724 [WARN] PackLoader:242 - Cannot read IP mode file for STMicroelectronics.X-CUBE-TOUCHGFX.4.18.1
2023-02-25 17:47:20,754 [WARN] PackLoader:242 - Cannot read IP mode file for STMicroelectronics.X-CUBE-AZRTOS-H7.3.0.0
2023-02-25 17:47:20,774 [WARN] PackLoader:242 - Cannot read IP mode file for wolfSSL.I-CUBE-wolfSSL.5.0.0
2023-02-25 17:47:20,779 [WARN] PackLoader:242 - Cannot read IP mode file for STMicroelectronics.X-CUBE-ISPU.1.1.0
2023-02-25 17:47:20,799 [WARN] PackLoader:242 - Cannot read IP mode file for RoweBots.I-CUBE-UNISONRTOS.5.5.0-4
2023-02-25 17:47:20,829 [WARN] PackLoader:242 - Cannot read IP mode file for STMicroelectronics.X-CUBE-AZRTOS-H7.2.1.0
2023-02-25 17:47:20,839 [WARN] PackLoader:242 - Cannot read IP mode file for STMicroelectronics.X-CUBE-AI.8.0.0
2023-02-25 17:47:20,849 [WARN] PackLoader:242 - Cannot read IP mode file for STMicroelectronics.X-CUBE-TOUCHGFX.4.21.1
2023-02-25 17:47:20,859 [WARN] PackLoader:242 - Cannot read IP mode file for STMicroelectronics.X-CUBE-ALGOBUILD.1.3.0
2023-02-25 17:47:20,879 [WARN] PackLoader:242 - Cannot read IP mode file for STMicroelectronics.X-CUBE-AZRTOS-L5.1.1.0
2023-02-25 17:47:20,919 [WARN] PackLoader:242 - Cannot read IP mode file for STMicroelectronics.X-CUBE-AZRTOS-G0.1.1.0
2023-02-25 17:47:20,944 [WARN] PackLoader:242 - Cannot read IP mode file for STMicroelectronics.X-CUBE-SUBG2.5.0.0
2023-02-25 17:47:21,000 [WARN] PackLoader:242 - Cannot read IP mode file for STMicroelectronics.X-CUBE-NFC4.3.0.0
2023-02-25 17:47:21,070 [WARN] PackLoader:242 - Cannot read IP mode file for SEGGER.I-CUBE-embOS.1.2.0
2023-02-25 17:47:21,125 [WARN] PackLoader:242 - Cannot read IP mode file for STMicroelectronics.X-CUBE-DISPLAY.2.1.0
2023-02-25 17:47:21,130 [WARN] PackLoader:242 - Cannot read IP mode file for STMicroelectronics.FP-ATR-ASTRA1.1.1.1
2023-02-25 17:47:21,135 [WARN] PackLoader:242 - Cannot read IP mode file for STMicroelectronics.FP-ATR-ASTRA1.1.1.0
2023-02-25 17:47:21,150 [WARN] PackLoader:242 - Cannot read IP mode file for STMicroelectronics.X-CUBE-BLEMGR.1.3.0
2023-02-25 17:47:21,180 [WARN] PackLoader:242 - Cannot read IP mode file for STMicroelectronics.X-CUBE-AZRTOS-H7.2.0.0
2023-02-25 17:47:21,200 [WARN] PackLoader:242 - Cannot read IP mode file for STMicroelectronics.X-CUBE-AZRTOS-G4.1.0.0
2023-02-25 17:47:21,215 [WARN] PackLoader:242 - Cannot read IP mode file for STMicroelectronics.FP-ATR-SIGFOX1.3.2.0
2023-02-25 17:47:21,240 [WARN] PackLoader:242 - Cannot read IP mode file for STMicroelectronics.X-CUBE-AZRTOS-L4.1.0.0
2023-02-25 17:47:21,260 [WARN] PackLoader:242 - Cannot read IP mode file for emotas.I-CUBE-CANOPEN.1.1.2
2023-02-25 17:47:21,270 [WARN] PackLoader:242 - Cannot read IP mode file for STMicroelectronics.X-CUBE-TOUCHGFX.4.20.0
2023-02-25 17:47:21,300 [WARN] PackLoader:242 - Cannot read IP mode file for STMicroelectronics.X-CUBE-AZRTOS-F7.1.0.0
2023-02-25 17:47:21,330 [WARN] PackLoader:242 - Cannot read IP mode file for STMicroelectronics.X-CUBE-AZRTOS-WL.1.0.0
2023-02-25 17:47:21,380 [WARN] PackLoader:242 - Cannot read IP mode file for STMicroelectronics.X-CUBE-MEMS1.9.1.0
2023-02-25 17:47:21,541 [WARN] PackLoader:242 - Cannot read IP mode file for portGmbH.I-Cube-SoM-uGOAL.1.1.0
2023-02-25 17:47:21,551 [WARN] PackLoader:242 - Cannot read IP mode file for STMicroelectronics.X-CUBE-ALS.1.0.1
2023-02-25 17:47:21,616 [WARN] PackLoader:242 - Cannot read IP mode file for STMicroelectronics.X-CUBE-MEMS1.9.5.0
2023-02-25 17:47:21,856 [WARN] PackLoader:242 - Cannot read IP mode file for STMicroelectronics.X-CUBE-AI.7.0.0
2023-02-25 17:47:21,886 [WARN] PackLoader:242 - Cannot read IP mode file for STMicroelectronics.X-CUBE-AZRTOS-WB.1.1.0
2023-02-25 17:47:21,916 [WARN] PackLoader:242 - Cannot read IP mode file for STMicroelectronics.X-CUBE-AZRTOS-L5.1.0.0
2023-02-25 17:47:21,931 [WARN] PackLoader:242 - Cannot read IP mode file for STMicroelectronics.X-CUBE-EEPRMA1.3.1.0
2023-02-25 17:47:21,941 [INFO] McuFinderGlobals:57 - Set McuFinderConnectedMode to true
2023-02-25 17:47:21,941 [WARN] PackLoader:242 - Cannot read IP mode file for STMicroelectronics.X-CUBE-EEPRMA1.3.1.1
2023-02-25 17:47:21,961 [WARN] PackLoader:242 - Cannot read IP mode file for STMicroelectronics.X-CUBE-GNSS1.5.2.0
2023-02-25 17:47:21,971 [INFO] MultiScanPanel:195 - Auto-refresh data requested => check proxy status ongoing
2023-02-25 17:47:21,971 [WARN] PackLoader:242 - Cannot read IP mode file for STMicroelectronics.X-CUBE-DISPLAY.2.0.0
2023-02-25 17:47:21,981 [INFO] FinderPluginLoader:92 - Searching for filters in installed packs
2023-02-25 17:47:21,986 [WARN] PackLoader:242 - Cannot read IP mode file for STMicroelectronics.X-CUBE-DISPLAY.2.0.1
2023-02-25 17:47:21,996 [WARN] PackLoader:242 - Cannot read IP mode file for STMicroelectronics.X-CUBE-TOF1.3.0.0
2023-02-25 17:47:22,001 [INFO] ThirdParty:929 - Integrity check success = true
2023-02-25 17:47:22,001 [INFO] IntegrityCheckThread:98 - exiting critical section [integrity check]
2023-02-25 17:47:22,006 [INFO] IntegrityCheckThread:101 - End integrity checks thread
2023-02-25 17:47:22,156 [INFO] ApiDb:576 - Connected to CubeFinder SQLite database (C:\Users\Abdel\.stmcufinder\plugins\mcufinder\mcu\cube-finder-db.db)
2023-02-25 17:47:22,296 [INFO] ApiDb:663 - CubeFinder database Data Model version=2.1
2023-02-25 17:47:22,296 [INFO] ApiDb:664 - CubeFinder database Configuration version=3.0.35
2023-02-25 17:47:22,301 [INFO] ApiDb:665 - CubeFinder database generation date=2023-02-02 (1675320190)
2023-02-25 17:47:22,301 [INFO] ApiDb:666 - CubeFinder database FW Pack versions=[FP-ATR-ASTRA1_V1.1.1, STM32Cube_FW_C0_V1.0.1, STM32Cube_FW_F4_V1.27.1, STM32Cube_FW_F7_V1.17.0, STM32Cube_FW_G0_V1.6.1, STM32Cube_FW_G4_V1.5.0, STM32Cube_FW_H5_V0.5.1, STM32Cube_FW_H7_V1.11.0, STM32Cube_FW_L5_V1.5.0, STM32Cube_FW_U5_V1.1.1, STM32Cube_FW_WBA_V0.2.0, STM32Cube_FW_WB_V1.15.0, STM32Cube_FW_WB_V1.15.0RC1, STM32Cube_FW_WL_V1.3.0, X-CUBE-ALGOBUILD_V1.3.0, X-CUBE-ALS_V1.0.1, X-CUBE-AZRTOS-F4_V1.1.0, X-CUBE-AZRTOS-F7_V1.1.0, X-CUBE-AZRTOS-G0_V1.1.0, X-CUBE-AZRTOS-G4_V1.0.0, X-CUBE-AZRTOS-H7_V3.0.0, X-CUBE-AZRTOS-L4_V1.0.0, X-CUBE-AZRTOS-L5_V1.1.0, X-CUBE-AZRTOS-WB_V1.1.0, X-CUBE-AZRTOS-WL_V1.0.0, X-CUBE-BLE1_V6.2.4, X-CUBE-BLE2_V3.3.0, X-CUBE-BLEMGR_V1.3.0, X-CUBE-EEPRMA1_V4.1.0, X-CUBE-GNSS1_V6.0.0, X-CUBE-MEMS1_V9.1.0, X-CUBE-MEMS1_V9.3.0, X-CUBE-MEMS1_V9.4.0, X-CUBE-NFC4_V3.0.0, X-CUBE-NFC7_V1.0.0, X-CUBE-SFXS2LP1_V4.0.0, X-CUBE-SUBG2_V5.0.0]
2023-02-25 17:47:26,137 [INFO] ApiDb:239 - Found 138 in-development CPN: [B-WB1M-WPAN1, NUCLEO-C031C6, STEVAL-STWINBX1, STM320518-EVAL, STM32C0116-DK, STM32C011D6Y3TR, STM32C011D6Y6TR, STM32C011F4P3, STM32C011F4P6, STM32C011F4U3, STM32C011F4U6TR, STM32C011F6P3, STM32C011F6P6, STM32C011F6U3, STM32C011F6U6TR, STM32C011J4M3, STM32C011J4M6, STM32C011J6M3, STM32C011J6M6, STM32C0316-DK, STM32C031C4T3, STM32C031C4T6, STM32C031C4U3, STM32C031C4U6, STM32C031C6T3, STM32C031C6T6, STM32C031C6U3, STM32C031C6U6, STM32C031F4P3, STM32C031F4P6, STM32C031F6P3, STM32C031F6P6, STM32C031G4U3, STM32C031G4U6, STM32C031G6U3, STM32C031G6U6, STM32C031K4T3, STM32C031K4T6, STM32C031K4U3, STM32C031K4U6, STM32C031K6T3, STM32C031K6T6, STM32C031K6U3, STM32C031K6U6, STM32G071K8TXN, STM32G071K8UXN, STM32G081GBU6N, STM32G081KBT6N, STM32G081KBUXN, STM32G0B1CCT6N, STM32G0B1KCT6, STM32G0B1NEY6TR, STM32G0B1RCT6N, STM32G0C1CCT6, STM32G0C1CCT6N, STM32G0C1CCU6N, STM32G0C1CET6N, STM32G0C1CEU6N, STM32G0C1KCT6, STM32G0C1NEY6TR, STM32G0C1RCI6N, STM32G0C1RCT6N, STM32G0C1REI6N, STM32G0C1RET6N, STM32G0C1VCI6, STM32G0C1VEI6, STM32G471CCT6, STM32G471CCU6, STM32G471CET3, STM32G471CET6, STM32G471CEU3, STM32G471CEU6, STM32G471MCT6, STM32G471MET3, STM32G471MET6, STM32G471MEY6TR, STM32G471QCT6, STM32G471QET3, STM32G471RCT6, STM32G471RET3, STM32G471RET6, STM32G471VCH6, STM32G471VCI6, STM32G471VCT6, STM32G471VEH3, STM32G471VEH6, STM32G471VEI3, STM32G471VEI6, STM32G471VET3, STM32G471VET6, STM32G474CCT6, STM32L476VGY6PTR, STM32L4R5QGI6STR, STM32MP131AAE3, STM32MP131AAF3, STM32MP131AAG3, STM32MP131CAE3, STM32MP131CAF3, STM32MP131CAG3, STM32MP131DAE7, STM32MP131DAF7, STM32MP131DAG7, STM32MP131FAE7, STM32MP131FAF7, STM32MP131FAG7, STM32MP133AAE3, STM32MP133AAF3, STM32MP133AAG3, STM32MP133CAE3, STM32MP133CAF3, STM32MP133CAG3, STM32MP133DAE7, STM32MP133DAF7, STM32MP133DAG7, STM32MP133FAE7, STM32MP133FAF7, STM32MP133FAG7, STM32MP135AAE3, STM32MP135AAF3, STM32MP135AAG3, STM32MP135CAE3, STM32MP135CAF3, STM32MP135CAG3, STM32MP135DAE7, STM32MP135DAF7, STM32MP135DAG7, STM32MP135F-DK, STM32MP135FAE7, STM32MP135FAF7, STM32MP135FAG7, STM32U595ZJT6Q, STM32U599BJY6QTR, STM32U599NIH6Q, STM32U599NJH6Q, STM32U5A5ZJT6Q, STM32U5A9BJY6QTR, STM32U5A9NJH6Q, STM32WB1MMCH6]
2023-02-25 17:47:26,147 [INFO] DbMcus:215 - Found 3580 MCUs, 3580 are supported
2023-02-25 17:47:26,147 [INFO] ApiDb:418 - Load user favorites file C:\Users\Abdel/.stm32cubeide/favorites.mcus.txt: 0 item(s)
2023-02-25 17:47:26,147 [INFO] ApiDb:422 - User favorites MCUs=[]
2023-02-25 17:47:26,147 [INFO] DbMcus:221 - Set 0 / 0 favorites MCUs
2023-02-25 17:47:27,673 [INFO] LoadUrlFilesThread:177 - End of LoadServerUrlFiles without Thread
2023-02-25 17:47:27,703 [INFO] DetailPanel:339 - Set advertising image to C:/Users/Abdel/STM32Cube/Repository/\en.prom-stm32u5-0223.jpg
2023-02-25 17:47:28,157 [INFO] MultiScanPanel:720 - adjusting invalid saved split location: -0.03
2023-02-25 17:47:28,337 [INFO] ToolPreferences:109 - Table McuList, key=mcufinder_cubeide.mculist: column name not found=IO
2023-02-25 17:47:28,337 [INFO] ToolPreferences:109 - Table McuList, key=mcufinder_cubeide.mculist: column name not found=Freq.
2023-02-25 17:47:28,337 [INFO] MultiScanPanel:778 - Auto Refresh Data is not needed
2023-02-25 17:47:28,354 [INFO] ApiDb:663 - CubeFinder database Data Model version=2.1
2023-02-25 17:47:28,354 [INFO] ApiDb:664 - CubeFinder database Configuration version=3.0.35
2023-02-25 17:47:28,354 [INFO] ApiDb:665 - CubeFinder database generation date=2023-02-02 (1675320190)
2023-02-25 17:47:28,354 [INFO] ApiDb:666 - CubeFinder database FW Pack versions=[FP-ATR-ASTRA1_V1.1.1, STM32Cube_FW_C0_V1.0.1, STM32Cube_FW_F4_V1.27.1, STM32Cube_FW_F7_V1.17.0, STM32Cube_FW_G0_V1.6.1, STM32Cube_FW_G4_V1.5.0, STM32Cube_FW_H5_V0.5.1, STM32Cube_FW_H7_V1.11.0, STM32Cube_FW_L5_V1.5.0, STM32Cube_FW_U5_V1.1.1, STM32Cube_FW_WBA_V0.2.0, STM32Cube_FW_WB_V1.15.0, STM32Cube_FW_WB_V1.15.0RC1, STM32Cube_FW_WL_V1.3.0, X-CUBE-ALGOBUILD_V1.3.0, X-CUBE-ALS_V1.0.1, X-CUBE-AZRTOS-F4_V1.1.0, X-CUBE-AZRTOS-F7_V1.1.0, X-CUBE-AZRTOS-G0_V1.1.0, X-CUBE-AZRTOS-G4_V1.0.0, X-CUBE-AZRTOS-H7_V3.0.0, X-CUBE-AZRTOS-L4_V1.0.0, X-CUBE-AZRTOS-L5_V1.1.0, X-CUBE-AZRTOS-WB_V1.1.0, X-CUBE-AZRTOS-WL_V1.0.0, X-CUBE-BLE1_V6.2.4, X-CUBE-BLE2_V3.3.0, X-CUBE-BLEMGR_V1.3.0, X-CUBE-EEPRMA1_V4.1.0, X-CUBE-GNSS1_V6.0.0, X-CUBE-MEMS1_V9.1.0, X-CUBE-MEMS1_V9.3.0, X-CUBE-MEMS1_V9.4.0, X-CUBE-NFC4_V3.0.0, X-CUBE-NFC7_V1.0.0, X-CUBE-SFXS2LP1_V4.0.0, X-CUBE-SUBG2_V5.0.0]
2023-02-25 17:47:28,489 [INFO] DbBoardsSqlite:227 - include board P-NUCLEO-WB55-NUCLEO as a kit item of type 'Nucleo-64'
2023-02-25 17:47:28,489 [INFO] DbBoardsSqlite:227 - include board P-NUCLEO-WB55-USBDONGLE as a kit item of type 'Nucleo USB Dongle'
2023-02-25 17:47:28,489 [INFO] DbBoardsSqlite:227 - include board STEVAL-IDP005V1 as a kit item of type 'Evaluation Board'
2023-02-25 17:47:28,489 [INFO] DbBoardsSqlite:227 - include board STEVAL-IDP005V2 as a kit item of type 'Evaluation Board'
2023-02-25 17:47:28,559 [INFO] ApiDb:239 - Found 138 in-development CPN: [B-WB1M-WPAN1, NUCLEO-C031C6, STEVAL-STWINBX1, STM320518-EVAL, STM32C0116-DK, STM32C011D6Y3TR, STM32C011D6Y6TR, STM32C011F4P3, STM32C011F4P6, STM32C011F4U3, STM32C011F4U6TR, STM32C011F6P3, STM32C011F6P6, STM32C011F6U3, STM32C011F6U6TR, STM32C011J4M3, STM32C011J4M6, STM32C011J6M3, STM32C011J6M6, STM32C0316-DK, STM32C031C4T3, STM32C031C4T6, STM32C031C4U3, STM32C031C4U6, STM32C031C6T3, STM32C031C6T6, STM32C031C6U3, STM32C031C6U6, STM32C031F4P3, STM32C031F4P6, STM32C031F6P3, STM32C031F6P6, STM32C031G4U3, STM32C031G4U6, STM32C031G6U3, STM32C031G6U6, STM32C031K4T3, STM32C031K4T6, STM32C031K4U3, STM32C031K4U6, STM32C031K6T3, STM32C031K6T6, STM32C031K6U3, STM32C031K6U6, STM32G071K8TXN, STM32G071K8UXN, STM32G081GBU6N, STM32G081KBT6N, STM32G081KBUXN, STM32G0B1CCT6N, STM32G0B1KCT6, STM32G0B1NEY6TR, STM32G0B1RCT6N, STM32G0C1CCT6, STM32G0C1CCT6N, STM32G0C1CCU6N, STM32G0C1CET6N, STM32G0C1CEU6N, STM32G0C1KCT6, STM32G0C1NEY6TR, STM32G0C1RCI6N, STM32G0C1RCT6N, STM32G0C1REI6N, STM32G0C1RET6N, STM32G0C1VCI6, STM32G0C1VEI6, STM32G471CCT6, STM32G471CCU6, STM32G471CET3, STM32G471CET6, STM32G471CEU3, STM32G471CEU6, STM32G471MCT6, STM32G471MET3, STM32G471MET6, STM32G471MEY6TR, STM32G471QCT6, STM32G471QET3, STM32G471RCT6, STM32G471RET3, STM32G471RET6, STM32G471VCH6, STM32G471VCI6, STM32G471VCT6, STM32G471VEH3, STM32G471VEH6, STM32G471VEI3, STM32G471VEI6, STM32G471VET3, STM32G471VET6, STM32G474CCT6, STM32L476VGY6PTR, STM32L4R5QGI6STR, STM32MP131AAE3, STM32MP131AAF3, STM32MP131AAG3, STM32MP131CAE3, STM32MP131CAF3, STM32MP131CAG3, STM32MP131DAE7, STM32MP131DAF7, STM32MP131DAG7, STM32MP131FAE7, STM32MP131FAF7, STM32MP131FAG7, STM32MP133AAE3, STM32MP133AAF3, STM32MP133AAG3, STM32MP133CAE3, STM32MP133CAF3, STM32MP133CAG3, STM32MP133DAE7, STM32MP133DAF7, STM32MP133DAG7, STM32MP133FAE7, STM32MP133FAF7, STM32MP133FAG7, STM32MP135AAE3, STM32MP135AAF3, STM32MP135AAG3, STM32MP135CAE3, STM32MP135CAF3, STM32MP135CAG3, STM32MP135DAE7, STM32MP135DAF7, STM32MP135DAG7, STM32MP135F-DK, STM32MP135FAE7, STM32MP135FAF7, STM32MP135FAG7, STM32U595ZJT6Q, STM32U599BJY6QTR, STM32U599NIH6Q, STM32U599NJH6Q, STM32U5A5ZJT6Q, STM32U5A9BJY6QTR, STM32U5A9NJH6Q, STM32WB1MMCH6]
2023-02-25 17:47:28,664 [INFO] BoardInfo:879 - No configuration file found for board P-NUCLEO-WB55
2023-02-25 17:47:28,669 [INFO] DbBoards:156 - Kit is not supported: P-NUCLEO-WB55
2023-02-25 17:47:28,695 [INFO] BoardInfo:879 - No configuration file found for board STEVAL-BFA001V1B
2023-02-25 17:47:28,695 [INFO] DbBoards:156 - Kit is not supported: STEVAL-BFA001V1B
2023-02-25 17:47:28,695 [INFO] BoardInfo:879 - No configuration file found for board STEVAL-BFA001V2B
2023-02-25 17:47:28,700 [INFO] DbBoards:156 - Kit is not supported: STEVAL-BFA001V2B
2023-02-25 17:47:28,700 [INFO] BoardInfo:879 - No configuration file found for board STEVAL-PROTEUS1
2023-02-25 17:47:28,700 [INFO] DbBoards:156 - Board is not supported: STEVAL-PROTEUS1
2023-02-25 17:47:28,795 [INFO] DbBoards:160 - Found 178 boards, 174 are supported
2023-02-25 17:47:28,800 [INFO] ApiDb:418 - Load user favorites file C:\Users\Abdel/.stm32cubeide/favorites.boards.txt: 0 item(s)
2023-02-25 17:47:28,800 [INFO] ApiDb:422 - User favorites Boards=[]
2023-02-25 17:47:28,800 [INFO] DbBoards:189 - Set 0 / 0 favorites Boards
2023-02-25 17:47:29,550 [INFO] MultiScanPanel:720 - adjusting invalid saved split location: -0.03
2023-02-25 17:47:33,995 [ERROR] LogOutputStream:74 - [STDERR_REDIRECT] SLF4J: Failed to load class "org.slf4j.impl.StaticLoggerBinder".
2023-02-25 17:47:33,995 [ERROR] LogOutputStream:74 - [STDERR_REDIRECT] SLF4J: Defaulting to no-operation (NOP) logger implementation
2023-02-25 17:47:34,000 [ERROR] LogOutputStream:74 - [STDERR_REDIRECT] SLF4J: See http://www.slf4j.org/codes.html#StaticLoggerBinder for further details.
2023-02-25 17:48:17,124 [INFO] McuFinderGlobals:57 - Set McuFinderConnectedMode to true
2023-02-25 17:48:17,129 [INFO] ApiDb:443 - Save user favorites file C:\Users\Abdel/.stm32cubeide/favorites.mcus.txt: 0 item(s)
2023-02-25 17:48:17,129 [INFO] ApiDb:447 - User favorites MCUs=[]
